<?xml version="1.0" encoding="UTF-8"?>
<!-- Generated by org.testng.reporters.JUnitReportReporter -->
<testsuite name="test.Headless_HtmlUnit" tests="1" time="0.023" ignored="0" failures="0" timestamp="02 May 2017 18:02:52 GMT" skipped="0" hostname="Mujtaba-PC" errors="0">
  <testcase name="basic_test" time="0.023" classname="test.Headless_HtmlUnit"/>
</testsuite> <!-- test.Headless_HtmlUnit -->
